         w __deregister_frame_info
         w __register_frame_info
         w userAppExit
         w userAppInit
00000000 00000802 B __ctru_dev_utf16_buf
00000000 a shift
00000000 a shift
00000000 b _TLS_MODULE_BASE_
00000804 00000401 B __ctru_dev_path_buf
00100000 A __start__
00100000 T _start
00100008 T __service_ptr
0010000c T __apt_appid
00100010 T __heap_size
00100014 T __linear_heap_size
00100018 T __system_arglist
0010001c T __system_runflags
00100020 t startup
00100058 t ClearMem
0010006c t ClrLoop
00100094 T _init
001000ac T __aeabi_idiv
001000ac 00000220 T __divsi3
001000b4 t .divsi3_skip_div0_test
001002cc 00000020 T __aeabi_idivmod
001002ec 00000004 W __aeabi_idiv0
001002ec 00000004 W __aeabi_ldiv0
001002f0 0000019c T __aeabi_frsub
001002f8 00000194 T __aeabi_fsub
001002f8 00000194 T __subsf3
001002fc 00000190 T __addsf3
001002fc 00000190 T __aeabi_fadd
0010048c 00000028 T __aeabi_ui2f
0010048c 00000028 T __floatunsisf
00100494 00000020 T __aeabi_i2f
00100494 00000020 T __floatsisf
001004b4 0000008c T __aeabi_ul2f
001004b4 0000008c T __floatundisf
001004c4 0000007c T __aeabi_l2f
001004c4 0000007c T __floatdisf
00100540 T __aeabi_uldivmod
00100588 00000390 T strcmp
00100910 T __aeabi_uidiv
00100910 000001ec T __udivsi3
00100910 t .udivsi3_skip_div0_test
00100afc 00000020 T __aeabi_uidivmod
00100b1c T __aeabi_drsub
00100b24 000002b0 T __aeabi_dsub
00100b24 000002b0 T __subdf3
00100b28 000002ac T __adddf3
00100b28 000002ac T __aeabi_dadd
00100dd4 00000024 T __aeabi_ui2d
00100dd4 00000024 T __floatunsidf
00100df8 00000028 T __aeabi_i2d
00100df8 00000028 T __floatsidf
00100e20 00000048 T __aeabi_f2d
00100e20 00000048 T __extendsfdf2
00100e68 00000074 T __aeabi_ul2d
00100e68 00000074 T __floatundidf
00100e7c 00000060 T __aeabi_l2d
00100e7c 00000060 T __floatdidf
00100edc t __do_global_dtors_aux
00100f1c t frame_dummy
00100f48 0000004c T drawBackground
00100f94 000000ec T main
00101080 00000024 T loopECS
001010a8 00000f94 T init_world
0010203c 00000014 T create_entity
00102050 000002e8 T add_component
00102338 000000ac T pHello
001023e4 00000190 T draw_label_system
00102574 000001e8 t parseColor
0010275c 000001ac T consoleDrawChar
00102908 00000124 T consolePrintChar
00102a2c 00000b94 T con_write
001035c0 000000fc t newRow
001036bc 00000170 T consoleInit
0010382c 000000bc T consoleClear
001038e8 000000d0 t gfxPresentFramebuffer
001039b8 0000001c T gfxIsWide
001039d4 000000ec T gfxSetScreenFormat
00103ac0 00000010 T gfxSetDoubleBuffering
00103ad0 000000e0 T gfxInit
00103bb0 00000010 T gfxInitDefault
00103bc0 000000b4 T gfxExit
00103c74 000000a0 T gfxGetFramebuffer
00103d14 00000104 T gfxFlushBuffers
00103e18 00000050 T gfxSwapBuffers
00103e68 00000050 T gfxSwapBuffersGpu
00103eb8 00000c58 t gspHardwareInit
00104b10 00000248 T gspInit
00104d58 000000f0 T gspExit
00104e48 00000010 T gspHasGpuRight
00104e58 000000a0 T gspPresentBuffer
00104ef8 00000044 T gspWaitForEvent
00104f3c 00000004 W gxCmdQueueInterrupt
00104f40 00000158 t gspEventThreadMain
00105098 00000050 T GSPGPU_FlushDataCache
001050e8 00000034 T GSPGPU_SetLcdForceBlack
0010511c 00000068 T GSPGPU_AcquireRight
00105184 00000048 T GSPGPU_ReleaseRight
001051cc 0000007c T GSPGPU_ImportDisplayCaptureInfo
00105248 0000002c T GSPGPU_SaveVramSysArea
00105274 0000002c T GSPGPU_RestoreVramSysArea
001052a0 00000024 W hidShouldUseIrrst
001052c4 0000018c T hidInit
00105450 000000e8 T hidExit
00105538 000001a4 t aptConvertScreenForCapture
001056dc 00000008 W aptDspSleep
001056e4 00000004 W aptDspWakeup
001056e8 00000004 W aptDspCancel
001056ec 00000158 T aptSendCommand
00105848 00000044 t aptExitProcess
0010588c 0000038c T aptExit
00105c18 000000e0 T aptHandleSleep
00105cf8 00000084 T APT_SleepIfShellClosed
00105d7c 00000084 T aptSetSleepAllowed
00105e00 00000084 T APT_UnlockTransition
00105e88 000004a4 t aptEventHandler
0010632c 000000b0 T APT_ReceiveParameter
001063dc 000000b0 t aptReceiveParameter.constprop.0
00106490 000002ac t aptScreenTransfer
0010673c 00000344 t aptWaitForWakeUp.isra.0
00106a80 00000100 T aptJumpToHomeMenu
00106b80 00000048 T aptMainLoop
00106bc8 0000022c T aptInit
00106df4 0000007c T APT_CheckNew3DS
00106e70 00000038 W __libctru_init
00106ea8 00000170 W __system_initArgv
00107018 T svcControlMemory
00107038 T svcQueryMemory
00107068 T svcExitProcess
00107070 T svcCreateThread
00107090 T svcExitThread
00107098 T svcSleepThread
001070a0 T svcReleaseMutex
001070a8 T svcCreateEvent
001070bc T svcSignalEvent
001070c4 T svcClearEvent
001070cc T svcMapMemoryBlock
001070d4 T svcUnmapMemoryBlock
001070dc T svcCreateAddressArbiter
001070f0 T svcArbitrateAddressNoTimeout
001070f8 T svcCloseHandle
00107100 T svcWaitSynchronization
00107108 T svcWaitSynchronizationN
00107130 T svcDuplicateHandle
00107144 T svcGetSystemTick
0010714c T svcConnectToPort
00107160 T svcSendSyncRequest
00107168 T svcGetResourceLimit
0010717c T svcGetResourceLimitLimitValues
00107184 T svcGetResourceLimitCurrentValues
0010718c T svcBreak
00107194 W initSystem
001071e4 W __ctru_exit
001071fc 00000024 t addrMapNodeComparator(rbtree_node const*, rbtree_node const*)
00107220 00000004 t addrMapNodeDestructor(rbtree_node*)
00107224 00000250 T vramMemAlignAt
00107474 0000000c T vramAlloc
00107480 00000090 T vramFree
00107510 00000024 t addrMapNodeComparator(rbtree_node const*, rbtree_node const*)
00107534 00000004 t addrMapNodeDestructor(rbtree_node*)
00107538 00000120 T linearMemAlign
00107658 00000008 T linearAlloc
00107660 0000005c T linearFree
001076bc 00000080 T MemPool::CoalesceRight(MemBlock*)
0010773c 0000016c T MemPool::Allocate(MemChunk&, unsigned long, int)
001078a8 000000fc T MemPool::Deallocate(MemChunk const&)
001079a4 00000030 T MemPool::GetFreeSpace()
001079d4 0000000c T __sync_init
001079e0 00000018 T __sync_fini
001079f8 0000002c T syncArbitrateAddress
00107a24 000000b0 T LightLock_Lock
00107ad4 00000040 T LightLock_Unlock
00107b14 00000030 T RecursiveLock_Lock
00107b44 00000054 T RecursiveLock_Unlock
00107b98 00000040 T LightEvent_Init
00107bd8 000000a4 T LightEvent_Clear
00107c7c 000000c8 T LightEvent_Signal
00107d44 00000050 T LightEvent_TryWait
00107d94 000000b0 T LightEvent_Wait
00107e44 00000034 T __ctru_speedup_config
00107e78 00000130 T srvInit
00107fa8 00000058 T srvExit
00108000 00000060 T srvEnableNotification
00108060 000000a0 T srvGetServiceHandleDirect
00108100 00000038 T srvGetServiceHandle
00108138 00000034 T srvSubscribe
0010816c 00000060 T srvReceiveNotification
001081cc 00000038 T srvPublishToSubscriber
00108204 000001d4 T threadCreate
001083d8 0000002c T threadFree
00108404 00000024 T threadJoin
00108428 00000030 T threadGetCurrent
00108458 00000040 T threadExit
00108498 00000020 t _thread_begin
001084b8 000000b4 t mappableFindAddressWithin
0010856c 00000028 T mappableInit
00108594 00000080 T mappableAlloc
00108614 00000004 T mappableFree
00108618 00000164 T irrstInit
0010877c 000000cc T irrstExit
00108848 0000000c T srvPmGetSessionHandle
00108854 00000074 T ptmSysmInit
001088c8 0000003c T ptmSysmExit
00108904 00000034 T PTMSYSM_ConfigureNew3DSCPU
00108938 00000010 T rbtree_init
00108948 000001b4 t do_insert
00108afc 00000008 T rbtree_insert
00108b04 00000090 T rbtree_rotate
00108b94 00000318 T rbtree_remove
00108eac 00000074 T rbtree_find
00108f20 00000030 W __appInit
00108f50 00000030 T __syscall_getreent
00108f80 00000004 T __syscall_lock_acquire
00108f84 00000004 T __syscall_lock_release
00108f88 00000004 T __syscall_lock_acquire_recursive
00108f8c 00000004 T __syscall_lock_release_recursive
00108f90 00000004 T __syscall_exit
00108f94 00000050 T initThreadVars
00108fe4 00000080 T __system_initSyscalls
00109068 000001e0 W __system_allocateHeaps
00109248 00000030 W __appExit
00109278 00000090 W __libctru_exit
00109308 00000084 W envGetHandle
0010938c 00000050 W envDestroyHandles
001093dc 00000014 t archive_link
001093f0 00000014 t archive_dirreset
00109404 00000014 t archive_chmod
00109418 00000024 t error_cmp
0010943c 00000050 t archive_translate_error
0010948c 000000c8 t archive_seek
00109554 0000007c t _archiveInit.part.0
001095d0 000000c4 t archiveFindDevice.part.0
00109694 0000025c t archive_utf16path
001098f0 000000a0 t _archiveUnmountDeviceStruct.part.0
00109990 00000014 t archive_fchmod
001099a4 00000014 t archive_statvfs
001099b8 00000164 t _archiveMountDevice
00109b1c 000000e8 t archive_diropen
00109c04 000000a4 t archive_fstat
00109ca8 0000006c t archive_close
00109d14 0000006c t archive_fsync
00109d80 00000070 t archive_dirclose
00109df0 000000e8 t sdmc_statvfs
00109ed8 000000ec t archive_chdir
00109fc4 0000007c t archive_ftruncate
0010a040 000000ac t archive_read
0010a0ec 000000a4 t archive_unlink
0010a190 000000bc t archive_rmdir
0010a24c 000000dc t archive_mkdir
0010a328 0000019c t archive_stat
0010a4c4 0000015c t archive_dirnext
0010a620 000000ec t archive_write
0010a70c 000001d4 t archive_open
0010a8e0 00000278 t archive_rename
0010ab58 0000019c T archiveMountSdmc
0010acf4 00000054 T archiveUnmountAll
0010ad48 000000cc T fsInit
0010ae14 0000003c T fsExit
0010ae50 00000060 T fsExemptFromSession
0010aeb0 00000050 T fsUnexemptFromSession
0010af00 000000cc T FSUSER_OpenFile
0010afcc 000000bc T FSUSER_DeleteFile
0010b088 000000f8 T FSUSER_RenameFile
0010b180 000000bc T FSUSER_DeleteDirectory
0010b23c 000000d4 T FSUSER_CreateFile
0010b310 000000c4 T FSUSER_CreateDirectory
0010b3d4 000000f8 T FSUSER_RenameDirectory
0010b4cc 000000b4 T FSUSER_OpenDirectory
0010b580 00000098 T FSUSER_OpenArchive
0010b618 0000008c T FSUSER_CloseArchive
0010b6a4 00000074 T FSUSER_GetSdmcArchiveResource
0010b718 00000064 T FSUSER_IsSdmcWritable
0010b77c 00000058 T FSFILE_Read
0010b7d4 00000060 T FSFILE_Write
0010b834 0000003c T FSFILE_GetSize
0010b870 00000028 T FSFILE_SetSize
0010b898 0000003c T FSFILE_Close
0010b8d4 00000024 T FSFILE_Flush
0010b8f8 00000050 T FSDIR_Read
0010b948 0000003c T FSDIR_Close
0010b984 0000005c T rbtree_node_next
0010b9e0 000000c0 T utf8_to_utf16
0010baa0 0000013c T decode_utf8
0010bbdc 000000e8 T utf16_to_utf8
0010bcc4 T __aeabi_read_tp
0010bcd0 00000054 T encode_utf16
0010bd24 000000e0 T encode_utf8
0010be04 00000064 T decode_utf16
0010be68 00000120 T __udivmoddi4
0010bf88 00000020 T calloc
0010bfa8 000000c0 T _calloc_r
0010c068 00000030 T exit
0010c098 00000018 T malloc
0010c0b0 00000018 T free
0010c0c8 000007e4 T _malloc_r
0010c8ac 0000000c T __malloc_lock
0010c8b8 0000000c T __malloc_unlock
0010c8c4 000001c4 t _strtoul_l.constprop.0
0010ca88 00000030 T _strtoul_r
0010cab8 00000034 T strtoul
0010caec 00000020 T memalign
0010cb0c 0000014c T _memalign_r
0010cc58 00000078 T bsearch
0010ccd0 00000148 T _fclose_r
0010ce18 00000234 T __sflush_r
0010d04c 00000094 T _fflush_r
0010d0e0 0000001c t stdio_exit_handler
0010d0fc 0000005c t cleanup_stdio
0010d158 00000154 t global_stdio_init.part.0
0010d2ac 0000005c T __sinit
0010d308 0000000c T __sfp_lock_acquire
0010d314 0000000c T __sfp_lock_release
0010d320 00000070 T _fwalk_sglue
0010d390 00000130 T __smakebuf_r
0010d4c0 0000008c T __swhatbuf_r
0010d54c 00000034 T printf
0010d580 00000264 T setvbuf
0010d7e4 00000074 T sscanf
0010d858 00000044 T __sread
0010d89c 00000008 T __seofread
0010d8a4 00000068 T __swrite
0010d90c 00000044 T __sseek
0010d950 00000008 T __sclose
0010d958 000000b0 T memcmp
0010da08 000000f4 T memset
0010dafc 00000090 T strlen
0010db8c 000000e4 T strncat
0010dc70 000000e4 T strncmp
0010dd54 000000c4 T strncpy
0010de18 00000048 T strnlen
0010de60 0000000c T __errno
0010de6c 00000084 T __libc_init_array
0010def0 0000003c T __libc_fini_array
0010df2c 000000e4 T memchr
0010e010 00000118 T memcpy
0010e128 00000110 T __call_exitprocs
0010e238 000000f8 T _malloc_trim_r
0010e330 000002e8 T _free_r
0010e618 0000067c t get_arg
0010ec98 00003344 T _svfprintf_r
00111fdc 00000050 t get_arg
0011202c 00002c44 T __ssvfscanf_r
00114c70 0000067c t get_arg
001152f0 000033b8 T _vfprintf_r
001186a8 000000b8 t __sbprintf
00118760 0000067c t get_arg
00118ddc 00000030 T __sprint_r
00118e0c 0000230c T _vfiprintf_r
0011b118 000000b8 t __sbprintf
0011b1d0 000004b4 T __sfvwrite_r
0011b684 000000f4 T __sccl
0011b778 00000064 T sprintf
0011b7dc 00000134 T __swsetup_r
0011b910 00000150 T memmove
0011ba60 000000cc T stpncpy
0011bb2c 00000024 T __locale_mb_cur_max
0011bb50 00000024 T _localeconv_r
0011bb74 0000000c T nanf
0011bb80 00000088 T frexp
0011bc08 000001b0 t quorem
0011bdb8 000011f8 T _dtoa_r
0011cfb0 000002f8 T __utf8_mbtowc
0011d2a8 00000088 T _Balloc
0011d330 0000001c T _Bfree
0011d34c 000000f4 T __multadd
0011d440 00000110 T __s2b
0011d550 00000060 T __hi0bits
0011d5b0 0000009c T __lo0bits
0011d64c 000000ac T __i2b
0011d6f8 00000204 T __multiply
0011d8fc 00000128 T __pow5mult
0011da24 00000140 T __lshift
0011db64 00000058 T __mcmp
0011dbbc 000001f0 T __mdiff
0011ddac 00000068 T __ulp
0011de14 000000d0 T __b2d
0011dee4 00000120 T __d2b
0011e004 00000078 T __ratio
0011e07c 00000088 T __copybits
0011e104 0000005c T __any_on
0011e160 00000020 T realloc
0011e180 000004a0 T _realloc_r
0011e620 00000064 t sulp
0011e688 000013a8 T _strtod_l
0011fa30 00000040 T _strtod_r
0011fa70 000001a4 t _strtol_l.part.0
0011fc14 00000060 T _strtol_r
0011fc74 000000f0 T __utf8_wctomb
0011fd64 0000022c t _strtoll_l.constprop.0
0011ff90 00000030 T _strtoll_r
0011ffc0 00000244 t _strtoull_l.constprop.0
00120204 00000030 T _strtoull_r
00120234 000000bc T _mbrtowc_r
001202f0 00000094 T _wcrtomb_r
00120384 00000028 T _wcsrtombs_r
001203ac 00000008 T iswspace
001203b4 00000038 T iswspace_l
001203ec 00000188 T __ssprint_r
00120574 000000d4 T _sungetc_r
00120648 0000006c T __ssrefill_r
001206b4 000000c4 T _sfread_r
00120778 000000a8 T __submore
00120820 00000130 T strchr
00120950 00000010 T nan
00120960 0000005c T __assert_func
001209bc 000000f0 t rshift
00120aac 00000814 T __gethex
001212c0 0000004c T __match
0012130c 0000029c T __hexnan
001215a8 00000188 T _wcsnrtombs_l
00121730 00000068 T _wcsnrtombs_r
00121798 0000008c T category
00121824 0000003c T fiprintf
00121860 00000014 T abort
00121874 00000090 T _raise_r
00121904 00000018 T raise
0012191c 00000020 T _exit
0012193c 000001c0 T _concatenate_path
00121afc 00000140 T chdir
00121c3c 00000078 T _fstat_r
00121cb4 00000014 T _getpid_r
00121cc8 0000002c T __getreent
00121cf4 0000003c T __get_handle
00121d30 000000f4 T _close_r
00121e24 00000008 t null_write
00121e2c 00000018 T setDefaultDevice
00121e44 000000c8 T FindDevice
00121f0c 00000028 T RemoveDevice
00121f34 0000009c T AddDevice
00121fd0 00000020 T GetDeviceOpTab
00121ff0 00000008 T _isatty_r
00121ff8 00000014 T _kill_r
0012200c 00000084 T _lseek_r
00122090 00000080 T _read_r
00122110 00000078 W _sbrk_r
00122188 0000001c T __libc_lock_acquire
001221a4 0000001c T __libc_lock_release
001221c0 0000001c T __libc_lock_acquire_recursive
001221dc 0000001c T __libc_lock_release_recursive
001221f8 00000080 T _write_r
00122278 00000038 T __aeabi_d2lz
00122278 00000038 T __fixdfdi
001222b0 00000040 T __aeabi_d2ulz
001222b0 00000040 T __fixunsdfdi
001222f0 00000048 T strrchr
00122338 T _fini
00123118 00000070 r dotab_stdout
00123188 00000018 r grayScale
001231a0 00000006 r colorCube
001231a8 00000030 r colorTable
00123214 00000008 r morton_y.2
0012321c 00000008 r morton_x.3
00123224 00000008 r s_sleepWakeEvents.4
00123238 R default_font_bin
00123a38 R default_font_bin_end
00123a68 00000030 r error_table
00123aa0 00000070 r archive_devoptab
00123b18 00000101 R _ctype_
00123c54 00000010 r zeroes.0
00123c64 00000010 r blanks.1
00123c7c 00000022 r basefix.0
00123ca0 00000010 r zeroes.0
00123cb0 00000010 r blanks.1
00123cc0 00000010 r zeroes.0
00123cd0 00000010 r blanks.1
00123d38 r .LC2
00123dd8 0000000c r p05.0
00123de8 00000028 R __mprec_bigtens
00123e10 000000c8 R __mprec_tens
00123ee8 00000014 r fpinan.0
00123efc 00000014 r fpi.1
00123f10 00000028 r tinytens
00123f38 0000006c R __action_table
00123fa4 0000006c R __state_table
00124010 00000100 R __chclass
0012419c 00000100 R __hexdig
0012429c 00003528 r categories
001277c4 00000070 R dotab_stdnull
00127834 R __tdata_align
00127838 r __EH_FRAME_BEGIN__
00127838 R __exidx_end
00127838 R __exidx_start
00128000 00000001 d firstConsoleInit.0
00128004 00000004 D currentConsole
00128008 00000048 D defaultConsole
00128050 00000004 d aptChainloadDeliverArgSize
00128054 W __stacksize__
00128058 00000004 D __malloc_sbrk_base
0012805c 00000004 D __malloc_trim_threshold
00128060 00000408 D __malloc_av_
00128468 0000000c D __sglue
00128474 00000004 D _impure_ptr
00128478 00000120 D _impure_data
00128598 0000016c D __global_locale
00128704 00000400 d _current_working_directory
00128b04 00001000 d handles
00129b04 0000000c d __stderr_handle
00129b10 0000000c d __stdout_handle
00129b1c 0000000c d __stdin_handle
00129b28 0000008c D devoptab_list
00129bb4 00000004 d defaultDevice
00129bc0 d _GLOBAL_OFFSET_TABLE_
00129bcc d __frame_dummy_init_array_entry
00129bcc D __init_array_start
00129bcc B __preinit_array_end
00129bcc B __preinit_array_start
00129bcc D __tdata_lma
00129bcc D __tdata_lma_end
00129bd0 d __do_global_dtors_aux_fini_array_entry
00129bd0 D __fini_array_start
00129bd0 D __init_array_end
00129bd4 D __bss_start__
00129bd4 b completed.1
00129bd4 D __fini_array_end
00129bd8 b object.0
00129bf0 00000048 B currentCopy
00129c38 00000004 b screenAlloc
00129c3c 00000004 b screenFree
00129c40 00000002 b gfxIsDoubleBuf
00129c44 00000002 b gfxCurBuf
00129c46 00000001 b gfxIsVram
00129c47 00000001 b gfxTopMode
00129c48 00000002 b gfxFramebufferFormats
00129c4c 00000004 b gfxBottomFramebufferMaxSize
00129c50 00000004 b gfxTopFramebufferMaxSize
00129c58 00000008 b gfxBottomFramebuffers
00129c60 00000008 b gfxTopFramebuffers
00129c68 00000007 b gspEventCbOneShot
00129c70 0000001c b gspEventCbData
00129c8c 0000001c b gspEventCb
00129ca8 00000038 b gspEvents
00129ce0 00000004 b gspLastEvent
00129ce4 00000001 b gspRunEvents
00129ce8 00000004 b gspEventThread
00129cec 00000004 b gspEvent
00129cf0 00000001 b gspGpuRight
00129cf1 00000001 b gspThreadId
00129cf4 00000004 b gspSharedMem
00129cf8 00000004 b gspSharedMemHandle
00129cfc 00000004 b gspRefCount
00129d00 00000004 b gspGpuHandle
00129d04 00000001 b usingIrrst
00129d08 00000004 b hidRefCount
00129d0c 00000004 b kUp
00129d10 00000004 b kDown
00129d14 00000004 b kHeld
00129d18 00000004 b kOld
00129d1c 00000004 B hidSharedMem
00129d20 00000014 B hidEvents
00129d34 00000004 B hidMemHandle
00129d38 00000004 B hidHandle
00129d3c 00000001 b flagValue.0
00129d3d 00000001 b flagInit.1
00129d40 00000004 b serviceName.6
00129d44 00000001 b aptChainloadFlags
00129d45 00000001 b aptChainloadMediatype
00129d48 00000020 b aptChainloadHmac
00129d68 00000300 b aptChainloadDeliverArg
0012a068 00000008 b aptChainloadTid
0012a070 00001000 b aptParameters
0012b070 00000004 b aptFlags
0012b074 00000001 b aptHomeButtonState
0012b078 00000004 b aptMessageFuncData
0012b07c 00000004 b aptMessageFunc
0012b080 0000000c b aptFirstHook
0012b08c 00000001 b aptEventHandlerThreadQuit
0012b090 00000004 b aptEventHandlerThread
0012b094 00000008 b aptSleepEvent
0012b09c 00000008 b aptReceiveEvent
0012b0a4 00000008 b aptEvents
0012b0ac 00000004 b aptLockHandle
0012b0b0 00000004 b aptRefCount
0012b0b4 00000004 B __system_retAddr
0012b0b8 00000004 B __system_argv
0012b0bc 00000004 B __system_argc
0012b0c0 b saved_stack
0012b0c8 00000008 b sVramPoolB
0012b0d0 00000008 b sVramPoolA
0012b0d8 0000000c b sAddrMap
0012b0e8 00000008 b sLinearPool
0012b0f0 0000000c b sAddrMap
0012b0fc 00000004 b arbiter
0012b100 00000001 V __ctru_speedup
0012b104 00000004 B __3dslink_host
0012b108 00000004 b srvRefCount
0012b10c 00000004 b srvHandle
0012b110 00000004 b currentAddr
0012b114 00000004 b maxAddr
0012b118 00000004 b minAddr
0012b11c 00000004 b irrstRefCount
0012b120 00000004 b kHeld
0012b124 00000004 B irrstSharedMem
0012b128 00000004 B irrstEvent
0012b12c 00000004 B irrstMemHandle
0012b130 00000004 B irrstHandle
0012b134 00000004 b srvPmHandle
0012b138 00000004 b ptmSysmRefCount
0012b13c 00000004 b ptmSysmHandle
0012b140 00000004 V __ctru_linear_heap_size
0012b144 00000004 V __ctru_heap_size
0012b148 00000004 B __ctru_linear_heap
0012b14c 00000004 B __ctru_heap
0012b150 00000540 b archive_devices
0012b690 00000004 b archive_device_cwd
0012b694 00000001 b archive_initialized
0012b698 00000080 b fsExemptArchives
0012b718 00000004 b fsuRefCount
0012b71c 00000004 b fsuHandle
0012b720 00000028 B __malloc_current_mallinfo
0012b748 00000004 B __malloc_max_total_mem
0012b74c 00000004 B __malloc_max_sbrked_mem
0012b750 00000004 B __malloc_top_pad
0012b754 0000000c b __malloc_recursive_mutex
0012b760 0000000c b __sfp_recursive_mutex
0012b770 00000168 B __sf
0012b8d8 00000004 B __stdio_exit_handler
0012b8dc 00000004 B __atexit
0012b8e0 0000000c B __atexit_recursive_mutex
0012b8ec 00000400 b temp_cwd
0012bcec 00000004 b __hndl_lock
0012bcf0 00000004 B fake_heap_start
0012bcf4 00000004 B fake_heap_end
0012bcf8 00000004 b heap_start.0
0012bcfc B __tls_start
0012c904 B __bss_end__
0012c904 A __end__
0012c904 B __tls_end
